# JRE version: OpenJDK Runtime Environment (21.0.1+12) (build 21.0.1+12-29)
# Java VM: OpenJDK 64-Bit Server VM (21.0.1+12-29, mixed mode, emulated-client, sharing, tiered, compressed oops, compressed class ptrs, g1 gc, windows-amd64)
GC Precious Log:
 CardTable entry size: 512
 Card Set container configuration: InlinePtr #cards 5 size 8 Array Of Cards #cards 12 size 40 Howl #buckets 4 coarsen threshold 1843 Howl Bitmap #cards 512 size 80 coarsen threshold 460 Card regions per heap region 1 cards per card region 2048
 CPUs: 8 total, 8 available
 Memory: 8081M
 Large Page Support: Disabled
 NUMA Support: Disabled
 Compressed Oops: Enabled (32-bit)
 Heap Region Size: 1M
 Heap Min Capacity: 8M
 Heap Initial Capacity: 128M
 Heap Max Capacity: 2022M
 Pre-touch: Disabled
 Parallel Workers: 8
 Concurrent Workers: 2
 Concurrent Refinement Workers: 8
 Periodic GC: Disabled
Heap:
 garbage-first heap   total 70656K, used 60411K [0x0000000081a00000, 0x0000000100000000)
  region size 1024K, 34 young (34816K), 2 survivors (2048K)
 Metaspace       used 64114K, committed 64768K, reserved 1114112K
  class space    used 9107K, committed 9408K, reserved 1048576K
GC Heap History (20 events):
Event: 1.746 GC heap before
{Heap before GC invocations=2 (full 0):
 garbage-first heap   total 131072K, used 44093K [0x0000000081a00000, 0x0000000100000000)
  region size 1024K, 38 young (38912K), 3 survivors (3072K)
 Metaspace       used 21143K, committed 21504K, reserved 1114112K
  class space    used 2846K, committed 3008K, reserved 1048576K
}
Event: 1.752 GC heap after
{Heap after GC invocations=3 (full 0):
 garbage-first heap   total 131072K, used 13272K [0x0000000081a00000, 0x0000000100000000)
  region size 1024K, 6 young (6144K), 6 survivors (6144K)
 Metaspace       used 21143K, committed 21504K, reserved 1114112K
  class space    used 2846K, committed 3008K, reserved 1048576K
}
Event: 2.110 GC heap before
{Heap before GC invocations=4 (full 0):
 garbage-first heap   total 58368K, used 41944K [0x0000000081a00000, 0x0000000100000000)
  region size 1024K, 34 young (34816K), 6 survivors (6144K)
 Metaspace       used 23871K, committed 24320K, reserved 1114112K
  class space    used 3247K, committed 3456K, reserved 1048576K
}
Event: 2.123 GC heap after
{Heap after GC invocations=5 (full 0):
 garbage-first heap   total 58368K, used 16199K [0x0000000081a00000, 0x0000000100000000)
  region size 1024K, 4 young (4096K), 4 survivors (4096K)
 Metaspace       used 23871K, committed 24320K, reserved 1114112K
  class space    used 3247K, committed 3456K, reserved 1048576K
}
Event: 2.709 GC heap before
{Heap before GC invocations=5 (full 0):
 garbage-first heap   total 58368K, used 42823K [0x0000000081a00000, 0x0000000100000000)
  region size 1024K, 31 young (31744K), 4 survivors (4096K)
 Metaspace       used 26595K, committed 27008K, reserved 1114112K
  class space    used 3671K, committed 3840K, reserved 1048576K
}
Event: 2.723 GC heap after
{Heap after GC invocations=6 (full 0):
 garbage-first heap   total 58368K, used 17909K [0x0000000081a00000, 0x0000000100000000)
  region size 1024K, 2 young (2048K), 2 survivors (2048K)
 Metaspace       used 26595K, committed 27008K, reserved 1114112K
  class space    used 3671K, committed 3840K, reserved 1048576K
}
Event: 3.499 GC heap before
{Heap before GC invocations=6 (full 0):
 garbage-first heap   total 58368K, used 46581K [0x0000000081a00000, 0x0000000100000000)
  region size 1024K, 30 young (30720K), 2 survivors (2048K)
 Metaspace       used 31601K, committed 32064K, reserved 1114112K
  class space    used 4355K, committed 4544K, reserved 1048576K
}
Event: 3.507 GC heap after
{Heap after GC invocations=7 (full 0):
 garbage-first heap   total 58368K, used 20303K [0x0000000081a00000, 0x0000000100000000)
  region size 1024K, 4 young (4096K), 4 survivors (4096K)
 Metaspace       used 31601K, committed 32064K, reserved 1114112K
  class space    used 4355K, committed 4544K, reserved 1048576K
}
Event: 4.143 GC heap before
{Heap before GC invocations=7 (full 0):
 garbage-first heap   total 58368K, used 46927K [0x0000000081a00000, 0x0000000100000000)
  region size 1024K, 31 young (31744K), 4 survivors (4096K)
 Metaspace       used 34226K, committed 34752K, reserved 1114112K
  class space    used 4745K, committed 4992K, reserved 1048576K
}
Event: 4.155 GC heap after
{Heap after GC invocations=8 (full 0):
 garbage-first heap   total 70656K, used 22753K [0x0000000081a00000, 0x0000000100000000)
  region size 1024K, 3 young (3072K), 3 survivors (3072K)
 Metaspace       used 34226K, committed 34752K, reserved 1114112K
  class space    used 4745K, committed 4992K, reserved 1048576K
}
Event: 4.466 GC heap before
{Heap before GC invocations=8 (full 0):
 garbage-first heap   total 70656K, used 45281K [0x0000000081a00000, 0x0000000100000000)
  region size 1024K, 26 young (26624K), 3 survivors (3072K)
 Metaspace       used 35919K, committed 36416K, reserved 1114112K
  class space    used 4976K, committed 5184K, reserved 1048576K
}
Event: 4.476 GC heap after
{Heap after GC invocations=9 (full 0):
 garbage-first heap   total 70656K, used 23666K [0x0000000081a00000, 0x0000000100000000)
  region size 1024K, 4 young (4096K), 4 survivors (4096K)
 Metaspace       used 35919K, committed 36416K, reserved 1114112K
  class space    used 4976K, committed 5184K, reserved 1048576K
}
Event: 5.314 GC heap before
{Heap before GC invocations=10 (full 0):
 garbage-first heap   total 70656K, used 60530K [0x0000000081a00000, 0x0000000100000000)
  region size 1024K, 40 young (40960K), 4 survivors (4096K)
 Metaspace       used 42482K, committed 43136K, reserved 1114112K
  class space    used 5775K, committed 6080K, reserved 1048576K
}
Event: 5.319 GC heap after
{Heap after GC invocations=11 (full 0):
 garbage-first heap   total 70656K, used 26078K [0x0000000081a00000, 0x0000000100000000)
  region size 1024K, 4 young (4096K), 4 survivors (4096K)
 Metaspace       used 42482K, committed 43136K, reserved 1114112K
  class space    used 5775K, committed 6080K, reserved 1048576K
}
Event: 6.000 GC heap before
{Heap before GC invocations=11 (full 0):
 garbage-first heap   total 70656K, used 60894K [0x0000000081a00000, 0x0000000100000000)
  region size 1024K, 38 young (38912K), 4 survivors (4096K)
 Metaspace       used 50422K, committed 51072K, reserved 1114112K
  class space    used 7000K, committed 7296K, reserved 1048576K
}
Event: 6.004 GC heap after
{Heap after GC invocations=12 (full 0):
 garbage-first heap   total 70656K, used 26899K [0x0000000081a00000, 0x0000000100000000)
  region size 1024K, 4 young (4096K), 4 survivors (4096K)
 Metaspace       used 50422K, committed 51072K, reserved 1114112K
  class space    used 7000K, committed 7296K, reserved 1048576K
}
Event: 6.754 GC heap before
{Heap before GC invocations=12 (full 0):
 garbage-first heap   total 70656K, used 61715K [0x0000000081a00000, 0x0000000100000000)
  region size 1024K, 38 young (38912K), 4 survivors (4096K)
 Metaspace       used 59109K, committed 59776K, reserved 1114112K
  class space    used 8368K, committed 8704K, reserved 1048576K
}
Event: 6.759 GC heap after
{Heap after GC invocations=13 (full 0):
 garbage-first heap   total 70656K, used 28296K [0x0000000081a00000, 0x0000000100000000)
  region size 1024K, 3 young (3072K), 3 survivors (3072K)
 Metaspace       used 59109K, committed 59776K, reserved 1114112K
  class space    used 8368K, committed 8704K, reserved 1048576K
}
Event: 6.903 GC heap before
{Heap before GC invocations=13 (full 0):
 garbage-first heap   total 70656K, used 35464K [0x0000000081a00000, 0x0000000100000000)
  region size 1024K, 11 young (11264K), 3 survivors (3072K)
 Metaspace       used 60757K, committed 61440K, reserved 1114112K
  class space    used 8619K, committed 8960K, reserved 1048576K
}
Event: 6.907 GC heap after
{Heap after GC invocations=14 (full 0):
 garbage-first heap   total 70656K, used 28667K [0x0000000081a00000, 0x0000000100000000)
  region size 1024K, 2 young (2048K), 2 survivors (2048K)
 Metaspace       used 60757K, committed 61440K, reserved 1114112K
  class space    used 8619K, committed 8960K, reserved 1048576K
}

